[    0.000000] Initializing cgroup subsys cpuset
[    0.000000] Initializing cgroup subsys cpu
[    0.000000] Initializing cgroup subsys cpuacct
[    0.000000] Linux version 4.4.0-174-generic (buildd@lcy01-amd64-027) (gcc version 5.4.0 20160609 (Ubuntu 5.4.0-6ubuntu1~16.04.12) ) #204-Ubuntu SMP Wed Jan 29 06:41:01 UTC 2020 (Ubuntu 4.4.0-174.204-generic 4.4.211)
[    0.000000] Command line: BOOT_IMAGE=/boot/vmlinuz-4.4.0-174-generic root=LABEL=cloudimg-rootfs ro console=tty1 console=ttyS0
[    0.000000] KERNEL supported cpus:
[    0.000000]   Intel GenuineIntel
[    0.000000]   AMD AuthenticAMD
[    0.000000]   Centaur CentaurHauls
[    0.000000] x86/fpu: xstate_offset[2]:  576, xstate_sizes[2]:  256
[    0.000000] x86/fpu: Supporting XSAVE feature 0x01: 'x87 floating point registers'
[    0.000000] x86/fpu: Supporting XSAVE feature 0x02: 'SSE registers'
[    0.000000] x86/fpu: Supporting XSAVE feature 0x04: 'AVX registers'
[    0.000000] x86/fpu: Enabled xstate features 0x7, context size is 832 bytes, using 'standard' format.
[    0.000000] e820: BIOS-provided physical RAM map:
[    0.000000] BIOS-e820: [mem 0x0000000000000000-0x000000000009fbff] usable
[    0.000000] BIOS-e820: [mem 0x000000000009fc00-0x000000000009ffff] reserved
[    0.000000] BIOS-e820: [mem 0x00000000000f0000-0x00000000000fffff] reserved
[    0.000000] BIOS-e820: [mem 0x0000000000100000-0x000000001ffeffff] usable
[    0.000000] BIOS-e820: [mem 0x000000001fff0000-0x000000001fffffff] ACPI data
[    0.000000] BIOS-e820: [mem 0x00000000fec00000-0x00000000fec00fff] reserved
[    0.000000] BIOS-e820: [mem 0x00000000fee00000-0x00000000fee00fff] reserved
[    0.000000] BIOS-e820: [mem 0x00000000fffc0000-0x00000000ffffffff] reserved
[    0.000000] NX (Execute Disable) protection: active
[    0.000000] SMBIOS 2.5 present.
[    0.000000] Hypervisor detected: KVM
[    0.000000] e820: last_pfn = 0x1fff0 max_arch_pfn = 0x400000000
[    0.000000] MTRR: Disabled
[    0.000000] x86/PAT: MTRRs disabled, skipping PAT initialization too.
[    0.000000] CPU MTRRs all blank - virtualized system.
[    0.000000] x86/PAT: Configuration [0-7]: WB  WT  UC- UC  WB  WT  UC- UC  
[    0.000000] found SMP MP-table at [mem 0x0009fff0-0x0009ffff] mapped at [ffff88000009fff0]
[    0.000000] Scanning 1 areas for low memory corruption
[    0.000000] RAMDISK: [mem 0x1e8a8000-0x1f72ffff]
[    0.000000] ACPI: Early table checksum verification disabled
[    0.000000] ACPI: RSDP 0x00000000000E0000 000024 (v02 VBOX  )
[    0.000000] ACPI: XSDT 0x000000001FFF0030 00003C (v01 VBOX   VBOXXSDT 00000001 ASL  00000061)
[    0.000000] ACPI: FACP 0x000000001FFF00F0 0000F4 (v04 VBOX   VBOXFACP 00000001 ASL  00000061)
[    0.000000] ACPI: DSDT 0x000000001FFF0470 002325 (v02 VBOX   VBOXBIOS 00000002 INTL 20100528)
[    0.000000] ACPI: FACS 0x000000001FFF0200 000040
[    0.000000] ACPI: FACS 0x000000001FFF0200 000040
[    0.000000] ACPI: APIC 0x000000001FFF0240 00005C (v02 VBOX   VBOXAPIC 00000001 ASL  00000061)
[    0.000000] ACPI: SSDT 0x000000001FFF02A0 0001CC (v01 VBOX   VBOXCPUT 00000002 INTL 20100528)
[    0.000000] No NUMA configuration found
[    0.000000] Faking a node at [mem 0x0000000000000000-0x000000001ffeffff]
[    0.000000] NODE_DATA(0) allocated [mem 0x1ffeb000-0x1ffeffff]
[    0.000000] kvm-clock: Using msrs 4b564d01 and 4b564d00
[    0.000000] kvm-clock: cpu 0, msr 0:1ffe3001, primary cpu clock
[    0.000000] kvm-clock: using sched offset of 3998634517 cycles
[    0.000000] clocksource: kvm-clock: mask: 0xffffffffffffffff max_cycles: 0x1cd42e4dffb, max_idle_ns: 881590591483 ns
[    0.000000] Zone ranges:
[    0.000000]   DMA      [mem 0x0000000000001000-0x0000000000ffffff]
[    0.000000]   DMA32    [mem 0x0000000001000000-0x000000001ffeffff]
[    0.000000]   Normal   empty
[    0.000000]   Device   empty
[    0.000000] Movable zone start for each node
[    0.000000] Early memory node ranges
[    0.000000]   node   0: [mem 0x0000000000001000-0x000000000009efff]
[    0.000000]   node   0: [mem 0x0000000000100000-0x000000001ffeffff]
[    0.000000] Initmem setup node 0 [mem 0x0000000000001000-0x000000001ffeffff]
[    0.000000] ACPI: PM-Timer IO Port: 0x4008
[    0.000000] IOAPIC[0]: apic_id 2, version 32, address 0xfec00000, GSI 0-23
[    0.000000] ACPI: INT_SRC_OVR (bus 0 bus_irq 0 global_irq 2 dfl dfl)
[    0.000000] ACPI: INT_SRC_OVR (bus 0 bus_irq 9 global_irq 9 low level)
[    0.000000] Using ACPI (MADT) for SMP configuration information
[    0.000000] smpboot: Allowing 2 CPUs, 0 hotplug CPUs
[    0.000000] PM: Registered nosave memory: [mem 0x00000000-0x00000fff]
[    0.000000] PM: Registered nosave memory: [mem 0x0009f000-0x0009ffff]
[    0.000000] PM: Registered nosave memory: [mem 0x000a0000-0x000effff]
[    0.000000] PM: Registered nosave memory: [mem 0x000f0000-0x000fffff]
[    0.000000] e820: [mem 0x20000000-0xfebfffff] available for PCI devices
[    0.000000] Booting paravirtualized kernel on KVM
[    0.000000] clocksource: refined-jiffies: mask: 0xffffffff max_cycles: 0xffffffff, max_idle_ns: 7645519600211568 ns
[    0.000000] setup_percpu: NR_CPUS:512 nr_cpumask_bits:512 nr_cpu_ids:2 nr_node_ids:1
[    0.000000] PERCPU: Embedded 33 pages/cpu @ffff88001fc00000 s95448 r8192 d31528 u1048576
[    0.000000] Built 1 zonelists in Node order, mobility grouping on.  Total pages: 128888
[    0.000000] Policy zone: DMA32
[    0.000000] Kernel command line: BOOT_IMAGE=/boot/vmlinuz-4.4.0-174-generic root=LABEL=cloudimg-rootfs ro console=tty1 console=ttyS0
[    0.000000] PID hash table entries: 2048 (order: 2, 16384 bytes)
[    0.000000] Memory: 481592K/523832K available (8626K kernel code, 1336K rwdata, 4032K rodata, 1488K init, 1292K bss, 42240K reserved, 0K cma-reserved)
[    0.000000] SLUB: HWalign=64, Order=0-3, MinObjects=0, CPUs=2, Nodes=1
[    0.000000] Kernel/User page tables isolation: enabled
[    0.000000] Hierarchical RCU implementation.
[    0.000000] 	Build-time adjustment of leaf fanout to 64.
[    0.000000] 	RCU restricting CPUs from NR_CPUS=512 to nr_cpu_ids=2.
[    0.000000] RCU: Adjusting geometry for rcu_fanout_leaf=64, nr_cpu_ids=2
[    0.000000] NR_IRQS:33024 nr_irqs:440 16
[    0.000000] Console: colour VGA+ 80x25
[    0.000000] console [tty1] enabled
[    0.000000] console [ttyS0] enabled
[    0.000000] tsc: Detected 2903.998 MHz processor
[    0.266318] Calibrating delay loop (skipped) preset value.. 5807.99 BogoMIPS (lpj=11615992)
[    0.269787] pid_max: default: 32768 minimum: 301
[    0.271493] ACPI: Core revision 20150930
[    0.275636] ACPI: 2 ACPI AML tables successfully acquired and loaded
[    0.278856] Security Framework initialized
[    0.280478] Yama: becoming mindful.
[    0.281939] AppArmor: AppArmor initialized
[    0.283573] Dentry cache hash table entries: 65536 (order: 7, 524288 bytes)
[    0.287434] Inode-cache hash table entries: 32768 (order: 6, 262144 bytes)
[    0.290123] Mount-cache hash table entries: 1024 (order: 1, 8192 bytes)
[    0.293370] Mountpoint-cache hash table entries: 1024 (order: 1, 8192 bytes)
[    0.297613] Initializing cgroup subsys io
[    0.299154] Initializing cgroup subsys memory
[    0.301556] Initializing cgroup subsys devices
[    0.304245] Initializing cgroup subsys freezer
[    0.306410] Initializing cgroup subsys net_cls
[    0.308321] Initializing cgroup subsys perf_event
[    0.310107] Initializing cgroup subsys net_prio
[    0.312376] Initializing cgroup subsys hugetlb
[    0.314551] Initializing cgroup subsys pids
[    0.317832] mce: CPU supports 0 MCE banks
[    0.320495] Last level iTLB entries: 4KB 64, 2MB 8, 4MB 8
[    0.322858] Last level dTLB entries: 4KB 64, 2MB 0, 4MB 0, 1GB 4
[    0.325569] Spectre V1 : Mitigation: usercopy/swapgs barriers and __user pointer sanitization
[    0.329042] Spectre V2 : Mitigation: Full generic retpoline
[    0.331181] Spectre V2 : Spectre v2 / SpectreRSB mitigation: Filling RSB on context switch
[    0.334192] Speculative Store Bypass: Vulnerable
[    0.336069] MDS: Vulnerable: Clear CPU buffers attempted, no microcode
[    0.342863] Freeing SMP alternatives memory: 36K
[    0.355784] ftrace: allocating 32305 entries in 127 pages
[    0.453563] smpboot: APIC(0) Converting physical 0 to logical package 0
[    0.455868] smpboot: Max logical packages: 1
[    0.458096] x2apic enabled
[    0.459655] Switched APIC routing to physical x2apic.
[    0.463558] ..TIMER: vector=0x30 apic1=0 pin1=2 apic2=-1 pin2=-1
[    0.573847] smpboot: CPU0: Intel(R) Core(TM) i7-7500U CPU @ 2.70GHz (family: 0x6, model: 0x8e, stepping: 0x9)
[    0.577997] Performance Events: unsupported p6 CPU model 142 no PMU driver, software events only.
[    0.595103] KVM setup paravirtual spinlock
[    0.597683] x86: Booting SMP configuration:
[    0.599383] .... node  #0, CPUs:      #1
[    0.600919] kvm-clock: cpu 1, msr 0:1ffe3041, secondary cpu clock
[    0.604385] mce: CPU supports 0 MCE banks
[    0.607324] x86: Booted up 1 node, 2 CPUs
[    0.609441] smpboot: Total of 2 processors activated (11615.99 BogoMIPS)
[    0.630032] devtmpfs: initialized
[    0.633082] evm: security.selinux
[    0.634467] evm: security.SMACK64
[    0.636069] evm: security.SMACK64EXEC
[    0.637529] evm: security.SMACK64TRANSMUTE
[    0.639080] evm: security.SMACK64MMAP
[    0.640620] evm: security.ima
[    0.641970] evm: security.capability
[    0.643657] clocksource: jiffies: mask: 0xffffffff max_cycles: 0xffffffff, max_idle_ns: 7645041785100000 ns
[    0.647224] futex hash table entries: 512 (order: 3, 32768 bytes)
[    0.649268] pinctrl core: initialized pinctrl subsystem
[    0.651407] RTC time:  8:37:44, date: 03/30/20
[    0.653297] NET: Registered protocol family 16
[    0.667252] cpuidle: using governor ladder
[    0.678973] cpuidle: using governor menu
[    0.680495] PCCT header not found.
[    0.682025] ACPI: bus type PCI registered
[    0.683531] acpiphp: ACPI Hot Plug PCI Controller Driver version: 0.5
[    0.686085] PCI: Using configuration type 1 for base access
[    0.704212] ACPI: Added _OSI(Module Device)
[    0.706007] ACPI: Added _OSI(Processor Device)
[    0.707861] ACPI: Added _OSI(3.0 _SCP Extensions)
[    0.709782] ACPI: Added _OSI(Processor Aggregator Device)
[    0.713129] ACPI: Executed 1 blocks of module-level executable AML code
[    0.719969] ACPI: Interpreter enabled
[    0.721568] ACPI: (supports S0 S5)
[    0.723212] ACPI: Using IOAPIC for interrupt routing
[    0.725889] PCI: Using host bridge windows from ACPI; if necessary, use "pci=nocrs" and report a bug
[    0.737205] ACPI: PCI Root Bridge [PCI0] (domain 0000 [bus 00-ff])
[    0.739525] acpi PNP0A03:00: _OSC: OS supports [ASPM ClockPM Segments MSI]
[    0.742832] acpi PNP0A03:00: _OSC: not requesting OS control; OS requires [ExtendedConfig ASPM ClockPM MSI]
[    0.746895] acpi PNP0A03:00: fail to add MMCONFIG information, can't access extended PCI configuration space under this bridge.
[    0.752454] PCI host bridge to bus 0000:00
[    0.754455] pci_bus 0000:00: root bus resource [io  0x0000-0x0cf7 window]
[    0.757678] pci_bus 0000:00: root bus resource [io  0x0d00-0xffff window]
[    0.760124] pci_bus 0000:00: root bus resource [mem 0x000a0000-0x000bffff window]
[    0.763372] pci_bus 0000:00: root bus resource [mem 0x20000000-0xfdffffff window]
[    0.766703] pci_bus 0000:00: root bus resource [bus 00-ff]
[    0.772170] pci 0000:00:01.1: legacy IDE quirk: reg 0x10: [io  0x01f0-0x01f7]
[    0.774920] pci 0000:00:01.1: legacy IDE quirk: reg 0x14: [io  0x03f6]
[    0.777315] pci 0000:00:01.1: legacy IDE quirk: reg 0x18: [io  0x0170-0x0177]
[    0.779919] pci 0000:00:01.1: legacy IDE quirk: reg 0x1c: [io  0x0376]
[    0.819142] pci 0000:00:07.0: quirk: [io  0x4000-0x403f] claimed by PIIX4 ACPI
[    0.822232] pci 0000:00:07.0: quirk: [io  0x4100-0x410f] claimed by PIIX4 SMB
[    0.834032] ACPI: PCI Interrupt Link [LNKA] (IRQs 5 9 10 *11)
[    0.837501] ACPI: PCI Interrupt Link [LNKB] (IRQs 5 9 *10 11)
[    0.840664] ACPI: PCI Interrupt Link [LNKC] (IRQs 5 *9 10 11)
[    0.844449] ACPI: PCI Interrupt Link [LNKD] (IRQs 5 9 10 *11)
[    0.847364] ACPI: Enabled 2 GPEs in block 00 to 07
[    0.849633] vgaarb: setting as boot device: PCI:0000:00:02.0
[    0.851488] vgaarb: device added: PCI:0000:00:02.0,decodes=io+mem,owns=io+mem,locks=none
[    0.854362] vgaarb: loaded
[    0.855469] vgaarb: bridge control possible 0000:00:02.0
[    0.857897] SCSI subsystem initialized
[    0.859827] ACPI: bus type USB registered
[    0.861958] usbcore: registered new interface driver usbfs
[    0.864064] usbcore: registered new interface driver hub
[    0.866222] usbcore: registered new device driver usb
[    0.869020] PCI: Using ACPI for IRQ routing
[    0.871455] NetLabel: Initializing
[    0.872989] NetLabel:  domain hash size = 128
[    0.875843] NetLabel:  protocols = UNLABELED CIPSOv4
[    0.878138] NetLabel:  unlabeled traffic allowed by default
[    0.880364] amd_nb: Cannot enumerate AMD northbridges
[    0.882145] clocksource: Switched to clocksource kvm-clock
[    0.904700] AppArmor: AppArmor Filesystem Enabled
[    0.906529] pnp: PnP ACPI init
[    0.908894] pnp: PnP ACPI: found 3 devices
[    0.921266] clocksource: acpi_pm: mask: 0xffffff max_cycles: 0xffffff, max_idle_ns: 2085701024 ns
[    0.924813] NET: Registered protocol family 2
[    0.927021] TCP established hash table entries: 4096 (order: 3, 32768 bytes)
[    0.929550] TCP bind hash table entries: 4096 (order: 4, 65536 bytes)
[    0.931985] TCP: Hash tables configured (established 4096 bind 4096)
[    0.934216] UDP hash table entries: 256 (order: 1, 8192 bytes)
[    0.936210] UDP-Lite hash table entries: 256 (order: 1, 8192 bytes)
[    0.938352] NET: Registered protocol family 1
[    0.940215] pci 0000:00:00.0: Limiting direct PCI/PCI transfers
[    0.942265] pci 0000:00:01.0: Activating ISA DMA hang workarounds
[    0.957980] Unpacking initramfs...
[    1.522811] Freeing initrd memory: 14880K
[    1.524657] clocksource: tsc: mask: 0xffffffffffffffff max_cycles: 0x29dc03c1beb, max_idle_ns: 440795205215 ns
[    1.528532] platform rtc_cmos: registered platform RTC device (no PNP device found)
[    1.531770] Scanning for low memory corruption every 60 seconds
[    1.534417] audit: initializing netlink subsys (disabled)
[    1.536524] audit: type=2000 audit(1585557470.890:1): initialized
[    1.538704] Initialise system trusted keyring
[    1.540639] HugeTLB registered 2 MB page size, pre-allocated 0 pages
[    1.544460] zbud: loaded
[    1.546057] VFS: Disk quotas dquot_6.6.0
[    1.547585] VFS: Dquot-cache hash table entries: 512 (order 0, 4096 bytes)
[    1.550119] squashfs: version 4.0 (2009/01/31) Phillip Lougher
[    1.552561] fuse init (API version 7.23)
[    1.554415] Key type big_key registered
[    1.555842] Allocating IMA MOK and blacklist keyrings.
[    1.559480] Key type asymmetric registered
[    1.560937] Asymmetric key parser 'x509' registered
[    1.562730] Block layer SCSI generic (bsg) driver version 0.4 loaded (major 249)
[    1.565486] io scheduler noop registered
[    1.566983] io scheduler deadline registered (default)
[    1.568941] io scheduler cfq registered
[    1.570572] pci_hotplug: PCI Hot Plug PCI Core version: 0.5
[    1.572510] pciehp: PCI Express Hot Plug Controller Driver version: 0.4
[    1.575037] ACPI: AC Adapter [AC] (on-line)
[    1.576522] input: Power Button as /devices/LNXSYSTM:00/LNXPWRBN:00/input/input0
[    1.579459] ACPI: Power Button [PWRF]
[    1.581095] input: Sleep Button as /devices/LNXSYSTM:00/LNXSLPBN:00/input/input1
[    1.583940] ACPI: Sleep Button [SLPF]
[    1.585659] GHES: HEST is not enabled!
[    1.586726] ACPI: Battery Slot [BAT0] (battery present)
[    1.589270] Serial: 8250/16550 driver, 32 ports, IRQ sharing enabled
[    1.612731] 00:02: ttyS0 at I/O 0x3f8 (irq = 4, base_baud = 115200) is a 16550A
[    1.619069] Linux agpgart interface v0.103
[    1.622933] loop: module loaded
[    1.625059] scsi host0: ata_piix
[    1.626554] scsi host1: ata_piix
[    1.627881] ata1: PATA max UDMA/33 cmd 0x1f0 ctl 0x3f6 bmdma 0xd000 irq 14
[    1.630031] ata2: PATA max UDMA/33 cmd 0x170 ctl 0x376 bmdma 0xd008 irq 15
[    1.632592] libphy: Fixed MDIO Bus: probed
[    1.634373] tun: Universal TUN/TAP device driver, 1.6
[    1.636367] tun: (C) 1999-2004 Max Krasnyansky <maxk@qualcomm.com>
[    1.638525] PPP generic driver version 2.4.2
[    1.640394] ehci_hcd: USB 2.0 'Enhanced' Host Controller (EHCI) Driver
[    1.642454] ehci-pci: EHCI PCI platform driver
[    1.644022] ehci-platform: EHCI generic platform driver
[    1.645827] ohci_hcd: USB 1.1 'Open' Host Controller (OHCI) Driver
[    1.647941] ohci-pci: OHCI PCI platform driver
[    1.649565] ohci-platform: OHCI generic platform driver
[    1.651546] uhci_hcd: USB Universal Host Controller Interface driver
[    1.653808] i8042: PNP: PS/2 Controller [PNP0303:PS2K,PNP0f03:PS2M] at 0x60,0x64 irq 1,12
[    1.657615] serio: i8042 KBD port at 0x60,0x64 irq 1
[    1.659339] serio: i8042 AUX port at 0x60,0x64 irq 12
[    1.661409] mousedev: PS/2 mouse device common for all mice
[    1.663890] input: AT Translated Set 2 keyboard as /devices/platform/i8042/serio0/input/input2
[    1.667368] rtc_cmos rtc_cmos: rtc core: registered rtc_cmos as rtc0
[    1.669663] rtc_cmos rtc_cmos: alarms up to one day, 114 bytes nvram
[    1.671747] i2c /dev entries driver
[    1.673333] device-mapper: uevent: version 1.0.3
[    1.675205] device-mapper: ioctl: 4.34.0-ioctl (2015-10-28) initialised: dm-devel@redhat.com
[    1.678317] ledtrig-cpu: registered to indicate activity on CPUs
[    1.680975] NET: Registered protocol family 10
[    1.682951] NET: Registered protocol family 17
[    1.684687] Key type dns_resolver registered
[    1.687371] registered taskstats version 1
[    1.689016] Loading compiled-in X.509 certificates
[    1.691912] Loaded X.509 cert 'Build time autogenerated kernel key: 2501974cc66248a18f8fa54aaac948a5171f77fb'
[    1.695559] zswap: loaded using pool lzo/zbud
[    1.699594] Key type trusted registered
[    1.705306] Key type encrypted registered
[    1.706882] AppArmor: AppArmor sha1 policy hashing enabled
[    1.708737] ima: No TPM chip found, activating TPM-bypass!
[    1.710654] ima: Allocated hash algorithm: sha1
[    1.712433] evm: HMAC attrs: 0x1
[    1.714367]   Magic number: 12:663:625
[    1.716001] rtc_cmos rtc_cmos: setting system clock to 2020-03-30 08:37:45 UTC (1585557465)
[    1.719099] BIOS EDD facility v0.16 2004-Jun-25, 0 devices found
[    1.721097] EDD information not available.
[    1.813895] Freeing unused kernel memory: 1488K
[    1.815723] Write protecting the kernel read-only data: 14336k
[    1.818656] Freeing unused kernel memory: 1604K
[    1.820803] Freeing unused kernel memory: 64K
Loading, please wait...
starting version 229
[    1.839479] random: systemd-udevd: uninitialized urandom read (16 bytes read, 3 bits of entropy available)
[    1.867565] random: udevadm: uninitialized urandom read (16 bytes read, 3 bits of entropy available)
[    1.867599] random: udevadm: uninitialized urandom read (16 bytes read, 3 bits of entropy available)
[    1.877269] random: systemd-udevd: uninitialized urandom read (16 bytes read, 3 bits of entropy available)
[    1.880931] random: systemd-udevd: uninitialized urandom read (16 bytes read, 3 bits of entropy available)
[    1.882581] random: udevadm: uninitialized urandom read (16 bytes read, 3 bits of entropy available)
[    1.882643] random: udevadm: uninitialized urandom read (16 bytes read, 3 bits of entropy available)
[    1.882857] random: udevadm: uninitialized urandom read (16 bytes read, 3 bits of entropy available)
[    1.882932] random: udevadm: uninitialized urandom read (16 bytes read, 3 bits of entropy available)
[    1.883004] random: udevadm: uninitialized urandom read (16 bytes read, 3 bits of entropy available)
[    1.954723] e1000: Intel(R) PRO/1000 Network Driver - version 7.3.21-k8-NAPI
[    1.957525] e1000: Copyright (c) 1999-2006 Intel Corporation.
[    1.995226] AVX2 version of gcm_enc/dec engaged.
[    1.997629] AES CTR mode by8 optimization enabled
[    1.999096] Fusion MPT base driver 3.04.20
[    1.999097] Copyright (c) 1999-2008 LSI Corporation
[    2.034995] Fusion MPT SPI Host driver 3.04.20
[    2.191347] input: ImExPS/2 Generic Explorer Mouse as /devices/platform/i8042/serio1/input/input4
[    2.431089] e1000 0000:00:03.0 eth0: (PCI:33MHz:32-bit) 02:1b:c5:10:6b:e2
[    2.433450] e1000 0000:00:03.0 eth0: Intel(R) PRO/1000 Network Connection
[    2.437598] mptbase: ioc0: Initiating bringup
[    2.502565] ioc0: LSI53C1030 A0: Capabilities={Initiator}
[    2.668699] scsi host2: ioc0: LSI53C1030 A0, FwRev=00000000h, Ports=1, MaxQ=256, IRQ=20
[    2.782687] scsi 2:0:0:0: Direct-Access     VBOX     HARDDISK         1.0  PQ: 0 ANSI: 5
[    2.786003] scsi target2:0:0: Beginning Domain Validation
[    2.791257] scsi target2:0:0: Domain Validation skipping write tests
[    2.793462] scsi target2:0:0: Ending Domain Validation
[    2.795576] scsi target2:0:0: asynchronous
[    2.798116] scsi 2:0:1:0: Direct-Access     VBOX     HARDDISK         1.0  PQ: 0 ANSI: 5
[    2.801022] scsi target2:0:1: Beginning Domain Validation
[    2.805190] scsi target2:0:1: Domain Validation skipping write tests
[    2.807298] scsi target2:0:1: Ending Domain Validation
[    2.809203] scsi target2:0:1: asynchronous
[    2.847536] sd 2:0:0:0: Attached scsi generic sg0 type 0
[    2.875274] sd 2:0:0:0: [sda] 20971520 512-byte logical blocks: (10.7 GB/10.0 GiB)
[    2.878576] sd 2:0:0:0: [sda] Write Protect is off
[    2.880597] sd 2:0:0:0: [sda] Incomplete mode parameter data
[    2.882806] sd 2:0:0:0: [sda] Assuming drive cache: write through
[    2.886305] sd 2:0:1:0: [sdb] 20480 512-byte logical blocks: (10.5 MB/10.0 MiB)
[    2.889580] sd 2:0:1:0: Attached scsi generic sg1 type 0
[    2.891940] sd 2:0:1:0: [sdb] Write Protect is off
[    2.895529] sd 2:0:1:0: [sdb] Incomplete mode parameter data
[    2.897553] sd 2:0:1:0: [sdb] Assuming drive cache: write through
[    2.899871]  sda: sda1
[    2.902928] sd 2:0:0:0: [sda] Attached SCSI disk
[    2.907025] sd 2:0:1:0: [sdb] Attached SCSI disk
[    3.555074] e1000 0000:00:08.0 eth1: (PCI:33MHz:32-bit) 08:00:27:9d:e7:02
[    3.557739] e1000 0000:00:08.0 eth1: Intel(R) PRO/1000 Network Connection
[    3.561902] e1000 0000:00:03.0 enp0s3: renamed from eth0
[    3.571023] e1000 0000:00:08.0 enp0s8: renamed from eth1
Begin: Loading essential drivers ... [    5.242446] md: linear personality registered for level -1
[    5.247717] md: multipath personality registered for level -4
[    5.252701] md: raid0 personality registered for level 0
[    5.260076] md: raid1 personality registered for level 1
[    5.334219] raid6: sse2x1   gen()  7466 MB/s
[    5.402384] raid6: sse2x1   xor()  4496 MB/s
[    5.470633] raid6: sse2x2   gen()  8719 MB/s
[    5.538197] raid6: sse2x2   xor()  5806 MB/s
[    5.606329] raid6: sse2x4   gen()  8826 MB/s
[    5.674654] raid6: sse2x4   xor()  6266 MB/s
[    5.742199] raid6: avx2x1   gen() 12203 MB/s
[    5.810407] raid6: avx2x2   gen() 13430 MB/s
[    5.878663] raid6: avx2x4   gen() 13036 MB/s
[    5.880501] raid6: using algorithm avx2x2 gen() 13430 MB/s
[    5.882583] raid6: using avx2x2 recovery algorithm
[    5.886746] xor: automatically using best checksumming function:
[    5.926449]    avx       : 15695.000 MB/sec
[    5.929982] async_tx: api initialized (async)
[    5.945591] md: raid6 personality registered for level 6
[    5.947744] md: raid5 personality registered for level 5
[    5.949740] md: raid4 personality registered for level 4
[    5.960697] md: raid10 personality registered for level 10
done.
Begin: Running /scripts/init-premount ... done.
Begin: Mounting root file system ... Begin: Running /scripts/local-top ... done.
Begin: Running /scripts/local-premount ... [    6.010946] Btrfs loaded
Scanning for Btrfs filesystems
done.
Warning: fsck not present, so skipping root file system
[    6.043617] EXT4-fs (sda1): mounted filesystem with ordered data mode. Opts: (null)
done.
Begin: Running /scripts/local-bottom ... done.
Begin: Running /scripts/init-bottom ... done.
[    6.153570] systemd[1]: systemd 229 running in system mode. (+PAM +AUDIT +SELINUX +IMA +APPARMOR +SMACK +SYSVINIT +UTMP +LIBCRYPTSETUP +GCRYPT +GNUTLS +ACL +XZ -LZ4 +SECCOMP +BLKID +ELFUTILS +KMOD -IDN)
[    6.159855] systemd[1]: Detected virtualization oracle.
[    6.161755] systemd[1]: Detected architecture x86-64.

Welcome to [1mUbuntu 16.04.6 LTS[0m!

[    6.175430] systemd[1]: Set hostname to <ubuntu>.
[    6.180699] systemd[1]: Initializing machine ID from random generator.
[    6.182946] systemd[1]: Installed transient /etc/machine-id file.
[    6.331549] systemd[1]: Listening on udev Kernel Socket.
[[0;32m  OK  [0m] Listening on udev Kernel Socket.
[    6.334736] systemd[1]: Set up automount Arbitrary Executable File Formats File System Automount Point.
[[0;32m  OK  [0m] Set up automount Arbitrary Executab...ats File System Automount Point.
[    6.346873] systemd[1]: Listening on /dev/initctl Compatibility Named Pipe.
[[0;32m  OK  [0m] Listening on /dev/initctl Compatibility Named Pipe.
[    6.350390] systemd[1]: Reached target User and Group Name Lookups.
[[0;32m  OK  [0m] Reached target User and Group Name Lookups.
[    6.353811] systemd[1]: Listening on Device-mapper event daemon FIFOs.
[[0;32m  OK  [0m] Listening on Device-mapper event daemon FIFOs.
[    6.357609] systemd[1]: Reached target System Time Synchronized.
[[0;32m  OK  [0m] Reached target System Time Synchronized.
[    6.366442] systemd[1]: Started Trigger resolvconf update for networkd DNS.
[[0;32m  OK  [0m] Started Trigger resolvconf update for networkd DNS.
[    6.370613] systemd[1]: Reached target Swap.
[[0;32m  OK  [0m] Reached target Swap.
[    6.373265] systemd[1]: Listening on LVM2 metadata daemon socket.
[[0;32m  OK  [0m] Listening on LVM2 metadata daemon socket.
[    6.383218] systemd[1]: Created slice System Slice.
[[0;32m  OK  [0m] Created slice System Slice.
[    6.391185] systemd[1]: Created slice system-serial\x2dgetty.slice.
[[0;32m  OK  [0m] Created slice system-serial\x2dgetty.slice.
[    6.394675] systemd[1]: Reached target Encrypted Volumes.
[[0;32m  OK  [0m] Reached target Encrypted Volumes.
[    6.402490] systemd[1]: Listening on udev Control Socket.
[[0;32m  OK  [0m] Listening on udev Control Socket.
[    6.411234] systemd[1]: Started Forward Password Requests to Wall Directory Watch.
[[0;32m  OK  [0m] Started Forward Password Requests to Wall Directory Watch.
[    6.415064] systemd[1]: Listening on LVM2 poll daemon socket.
[[0;32m  OK  [0m] Listening on LVM2 poll daemon socket.
[    6.423028] systemd[1]: Listening on Journal Audit Socket.
[[0;32m  OK  [0m] Listening on Journal Audit Socket.
[    6.426142] systemd[1]: Listening on Syslog Socket.
[[0;32m  OK  [0m] Listening on Syslog Socket.
[    6.434698] systemd[1]: Listening on Journal Socket (/dev/log).
[[0;32m  OK  [0m] Listening on Journal Socket (/dev/log).
[    6.442470] systemd[1]: Listening on Journal Socket.
[[0;32m  OK  [0m] Listening on Journal Socket.
[    6.462867] systemd[1]: Mounting Huge Pages File System...
         Mounting Huge Pages File System...
[    6.468930] systemd[1]: Starting Journal Service...
         Starting Journal Service...
[    6.473015] systemd[1]: Starting Create list of required static device nodes for the current kernel...
         Starting Create list of required st... nodes for the current kernel...
[    6.487226] systemd[1]: Starting Set console keymap...
         Starting Set console keymap...
[    6.491474] systemd[1]: Starting Remount Root and Kernel File Systems...
         Starting Remount Root and Kernel File Systems...
[    6.500503] EXT4-fs (sda1): re-mounted. Opts: (null)
[    6.507513] systemd[1]: Starting Load Kernel Modules...
         Starting Load Kernel Modules...
[    6.511618] systemd[1]: Mounting POSIX Message Queue File System...
         Mounting POSIX Message Queue File System...
[    6.523898] systemd[1]: Starting Nameserver information manager...
[    6.531770] Loading iSCSI transport class v2.0-870.
         Starting Nameserver information manager...
[    6.540535] systemd[1]: Starting Monitoring of LVM2 mirrors, snapshots etc. using dmeventd or progress polling...
         Starting Monitoring of LVM2 mirrors... dmeventd or progress polling...
[    6.551315] systemd[1]: Starting Uncomplicated firewall...
         Starting Uncomplicated firewall...
[    6.585595] systemd[1]: Mounting Debug File System...
         Mounting Debug File System...
[    6.590851] systemd[1]: Created slice User and Session Slice.
[    6.618689] iscsi: registered transport (tcp)
[[0;32m  OK  [0m] Created slice User and Session Slice.
[    6.630361] systemd[1]: Reached target Slices.
[[0;32m  OK  [0m] Reached target Slices.
[    6.656275] systemd[1]: Mounted Debug File System.
[[0;32m  OK  [0m] Mounted Debug File System.
[    6.659325] systemd[1]: Mounted POSIX Message Queue File System.
[[0;32m  OK  [0m] Mounted POSIX Message Queue File System.
[    6.665354] systemd[1]: Mounted Huge Pages File System.
[[0;32m  OK  [0m] Mounted Huge Pages File System.
[    6.669873] systemd[1]: Started Journal Service.
[[0;32m  OK  [0m] Started Journal Service.
[    6.675227] iscsi: registered transport (iser)
[[0;32m  OK  [0m] Started Create list of required sta...ce nodes for the current kernel.
[[0;32m  OK  [0m] Started Set console keymap.
[[0;32m  OK  [0m] Started Remount Root and Kernel File Systems.
[[0;32m  OK  [0m] Started Load Kernel Modules.
[[0;32m  OK  [0m] Started Uncomplicated firewall.
[[0;32m  OK  [0m] Started Nameserver information manager.
[[0;32m  OK  [0m] Started LVM2 metadata daemon.
         Mounting FUSE Control File System...
         Starting Apply Kernel Variables...
         Starting Load/Save Random Seed...
         Starting udev Coldplug all Devices...
         Starting Create Static Device Nodes in /dev...
         Starting Flush Journal to Persistent Storage...
[[0;32m  OK  [0m] Mounted FUSE Control File System.
[[0;32m  OK  [0m] Started Load/Save Random Seed.
[[0;32m  OK  [0m] Started Apply Kernel Variables.
[[0;32m  OK  [0m] Started Flush Journal to Persistent Storage.
[[0;32m  OK  [0m] Started Create Static Device Nodes in /dev.
         Starting udev Kernel Device Manager...
[[0;32m  OK  [0m] Started udev Coldplug all Devices.
[[0;32m  OK  [0m] Started udev Kernel Device Manager.
[[0;32m  OK  [0m] Started Dispatch Password Requests to Console Directory Watch.
[[0;32m  OK  [0m] Started Monitoring of LVM2 mirrors,...ng dmeventd or progress polling.
[[0;32m  OK  [0m] Found device /dev/ttyS0.
[[0;32m  OK  [0m] Reached target Local File Systems (Pre).
[[0;32m  OK  [0m] Reached target Local File Systems.
         Starting Set console font and keymap...
         Starting Tell Plymouth To Write Out Runtime Data...
         Starting LSB: AppArmor initialization...
         Starting Initial cloud-init job (pre-networking)...
         Starting Create Volatile Files and Directories...
         Starting Commit a transient machine-id on disk...
[[0;32m  OK  [0m] Started Tell Plymouth To Write Out Runtime Data.
[[0;32m  OK  [0m] Started Create Volatile Files and Directories.
[[0;32m  OK  [0m] Started Commit a transient machine-id on disk.
[[0;32m  OK  [0m] Listening on Load/Save RF Kill Switch Status /dev/rfkill Watch.
         Starting Update UTMP about System Boot/Shutdown...
[[0;32m  OK  [0m] Started Update UTMP about System Boot/Shutdown.
[   10.336158] cloud-init[540]: Cloud-init v. 19.4-33-gbb4131a2-0ubuntu1~16.04.1 running 'init-local' at Mon, 30 Mar 2020 08:37:53 +0000. Up 9.48 seconds.
[[0;32m  OK  [0m] Started Initial cloud-init job (pre-networking).
[[0;32m  OK  [0m] Reached target Network (Pre).
[[0;32m  OK  [0m] Started Set console font and keymap.
[[0;32m  OK  [0m] Created slice system-getty.slice.
[[0;32m  OK  [0m] Started LSB: AppArmor initialization.
         Starting Raise network interfaces...
[[0;32m  OK  [0m] Started Raise network interfaces.
         Starting Initial cloud-init job (metadata service crawler)...
[[0;32m  OK  [0m] Reached target Network.
[   13.187774] cloud-init[961]: Cloud-init v. 19.4-33-gbb4131a2-0ubuntu1~16.04.1 running 'init' at Mon, 30 Mar 2020 08:37:56 +0000. Up 12.28 seconds.
[   13.192375] cloud-init[961]: ci-info: ++++++++++++++++++++++++++++++++++++++Net device info+++++++++++++++++++++++++++++++++++++++
[   13.195106] cloud-init[961]: ci-info: +--------+-------+----------------------------+---------------+--------+-------------------+
[   13.198857] cloud-init[961]: ci-info: | Device |   Up  |          Address           |      Mask     | Scope  |     Hw-Address    |
[   13.208480] cloud-init[961]: ci-info: +--------+-------+----------------------------+---------------+--------+-------------------+
[   13.210958] cloud-init[961]: ci-info: | enp0s3 |  True |         10.0.2.15          | 255.255.255.0 | global | 02:1b:c5:10:6b:e2 |
[   13.213657] cloud-init[961]: ci-info: | enp0s3 |  True | fe80::1b:c5ff:fe10:6be2/64 |       .       |  link  | 02:1b:c5:10:6b:e2 |
[   13.221131] cloud-init[961]: ci-info: | enp0s8 | False |             .              |       .       |   .    | 08:00:27:9d:e7:02 |
[   13.223994] cloud-init[961]: ci-info: |   lo   |  True |         127.0.0.1          |   255.0.0.0   |  host  |         .         |
[   13.226690] cloud-init[961]: ci-info: |   lo   |  True |          ::1/128           |       .       |  host  |         .         |
[   13.236745] cloud-init[961]: ci-info: +--------+-------+----------------------------+---------------+--------+-------------------+
[   13.241631] cloud-init[961]: ci-info: +++++++++++++++++++++++++++Route IPv4 info++++++++++++++++++++++++++++
[   13.245732] cloud-init[961]: ci-info: +-------+-------------+----------+---------------+-----------+-------+
[   13.248996] cloud-init[961]: ci-info: | Route | Destination | Gateway  |    Genmask    | Interface | Flags |
[   13.251821] cloud-init[961]: ci-info: +-------+-------------+----------+---------------+-----------+-------+
[   13.257927] cloud-init[961]: ci-info: |   0   |   0.0.0.0   | 10.0.2.2 |    0.0.0.0    |   enp0s3  |   UG  |
[   13.260435] cloud-init[961]: ci-info: |   1   |   10.0.2.0  | 0.0.0.0  | 255.255.255.0 |   enp0s3  |   U   |
[   13.264257] cloud-init[961]: ci-info: +-------+-------------+----------+---------------+-----------+-------+
[   13.268347] cloud-init[961]: ci-info: +++++++++++++++++++Route IPv6 info+++++++++++++++++++
[   13.270724] cloud-init[961]: ci-info: +-------+-------------+---------+-----------+-------+
[   13.272869] cloud-init[961]: ci-info: | Route | Destination | Gateway | Interface | Flags |
[   13.276111] cloud-init[961]: ci-info: +-------+-------------+---------+-----------+-------+
[   13.278021] cloud-init[961]: ci-info: |   0   |  fe80::/64  |    ::   |   enp0s3  |   U   |
[   13.280438] cloud-init[961]: ci-info: |   3   |   ff00::/8  |    ::   |   enp0s3  |   U   |
[   13.282415] cloud-init[961]: ci-info: +-------+-------------+---------+-----------+-------+
[   13.286358] cloud-init[961]: Generating public/private rsa key pair.
[   13.287802] cloud-init[961]: Your identification has been saved in /etc/ssh/ssh_host_rsa_key.
[   13.290205] cloud-init[961]: Your public key has been saved in /etc/ssh/ssh_host_rsa_key.pub.
[   13.292819] cloud-init[961]: The key fingerprint is:
[   13.295146] cloud-init[961]: SHA256:VNowy4Uu7me620eNdZPKxR8wLRCpEgP6t/eKY0y5ZCs root@ubuntu-xenial
[   13.298510] cloud-init[961]: The key's randomart image is:
[   13.299966] cloud-init[961]: +---[RSA 2048]----+
[   13.301336] cloud-init[961]: |     .. o.oo+ .  |
[   13.303397] cloud-init[961]: |    .  +.O . + . |
[   13.312823] cloud-init[961]: |   .   .B o  .+. |
[   13.314997] cloud-init[961]: |    . .o..  . *. |
[   13.316382] cloud-init[961]: |     o oS  = + o.|
[   13.318975] cloud-init[961]: |      o=. o +   .|
[   13.328462] cloud-init[961]: |     .=.oo       |
[   13.341161] cloud-init[961]: |     E.B= o      |
[   13.343180] cloud-init[961]: |      *Boo..     |
[   13.352795] cloud-init[961]: +----[SHA256]-----+
[   13.353976] cloud-init[961]: Generating public/private dsa key pair.
[   13.355423] cloud-init[961]: Your identification has been saved in /etc/ssh/ssh_host_dsa_key.
[   13.360349] [cloud-init[0;32m  OK  [0m[961]: ] Your public key has been saved in /etc/ssh/ssh_host_dsa_key.pub.Started Initial cloud-init job (metadata service crawler).

[   13.362044] cloud-init[961]: [[0;32m  OK  [0m] Reached target System Initialization.
[[0;32m  OK  [0m] Listening on UUID daemon activation socket.
The key fingerprint is:
[   13.364987] [cloud-init[0;32m  OK  [0m[961]: ] SHA256:r57kt8N6qGN6+Iz/p609nmBgC5jsxWypBuDD6FHlhfw root@ubuntu-xenialListening on ACPID Listen Socket.

[   13.373165] [[0;32m  OK  [0m] Started Message of the Day.
[[0;32m  OK  [0m] Started Daily Cleanup of Temporary Directories.
[[0;32m  OK  [0m] Started Daily apt download activities.
[[0;32m  OK  [0m] Started Daily apt upgrade and clean activities.
[[0;32m  OK  [0m] Reached target Timers.
[[0;32m  OK  [0m] Listening on D-Bus System Message Bus Socket.
cloud-init[961]: The key's randomart image is:
[   13.378193]          Starting Socket activation for snappy daemon.
cloud-init[961]: +---[DSA 1024]----+
[   13.380138] cloud-init[961]: |    ....         |
[   13.381573] cloud-init[961]: |    oo.          |
[   13.382997] cloud-init[961]: |.  . ..          |
[   13.384381] cloud-init[961]: |=..= . E         |
[   13.385813] [[0;32m  OK  [0m] Started ACPI Events Check.
[[0;32m  OK  [0m] Reached target Paths.
cloud-init[961]: |o=+ B o S        |         Starting LXD - unix socket.
[[0;32m  OK  [0m] Reached target Network is Online.

[   13.391545] cloud-init[961]: |.oo+ o o .       |
[   13.393127] cloud-init[961]: | .+  .. +o.      |
[   13.394586] cloud-init[961]: | .  .o++.*B.     |
[   13.396194] cloud-init[961]: |    o*==XO*+     |
[   13.397534] cloud-init[961]: +----[SHA256]-----+
[   13.399132] cloud-init[961]: Generating public/private ecdsa key pair.
[   13.400605] cloud-init[961]: Your identification has been saved in /etc/ssh/ssh_host_ecdsa_key.
[   13.402312] cloud-init[961]: Your public key has been saved in /etc/ssh/ssh_host_ecdsa_key.pub.
[   13.403930]          Starting iSCSI initiator daemon (iscsid)...
[[0;32m  OK  [0m] Reached target Cloud-config availability.
[[0;32m  OK  [0m] Listening on Socket activation for snappy daemon.
[[0;32m  OK  [0m] Listening on LXD - unix socket.
[[0;32m  OK  [0m] Reached target Sockets.
[[0;32m  OK  [0m] Reached target Basic System.
         Starting System Logging Service...
cloud-init         Starting /etc/rc.local Compatibility...
[961]:          Starting LSB: Record successful boot for GRUB...
[The key fingerprint is:
[   13.414096] cloud-init[961]: SHA256:8KTqnWPO4iFVSFn3QnlpwGUS8hbUDYLgitpFhIrs+1w root@ubuntu-xenial
[   13.415904] cloud-init[961]: The key's randomart image is:
[   13.417044] cloud-init[961]: +---[ECDSA 256]---+
[   13.418274] cloud-init[961]: |   .++o+X*++     |
[0;32m  OK  [0m] Started FUSE filesystem for LXC.
[   13.419261] cloud-init         Starting Login Service...
[[0;32m  OK  [0m] Started D-Bus System Message Bus.
[961]: |  .+...=o*= .    |
[   13.437255] cloud-init[961]: |o.  + o =o.      |
[   13.440080] cloud-init[961]: |oo o . * .       |
[   13.445528] cloud-init[961]: |o . o . S        |
[   13.446939] cloud-init[961]: |.o o .           |
[   13.450073] cloud-init[961]: |. + oE           |
[   13.452548] cloud-init[961]: | ..oo+o.         |
[   13.454413] cloud-init[961]: |  .+o+=.         |
[   13.458307] cloud-init[961]: +----[SHA256]-----+
[   13.464922] cloud-init[961]: Generating public/private ed25519 key pair.
[   13.466083] cloud-init[961]: Your identification has been saved in /etc/ssh/ssh_host_ed25519_key.
[   13.467616] cloud-init[961]: Your public key has been saved in /etc/ssh/ssh_host_ed25519_key.pub.
[   13.469259] cloud-init[961]: The key fingerprint is:
[   13.476444] cloud-init[961]: SHA256:hrnhoGZ0BsxNVvOtWPjIeWBlbnlzg51BtswrpanMyhA root@ubuntu-xenial
[   13.484924] cloud-init[961]: The key's randomart image is:
[   13.493251] cloud-init[961]: +--[ED25519 256]--+
[   13.494320] cloud-init[961]: |    o.o o  .+    |
[   13.501212] cloud-init[961]: | o +   B o * +   |
         Starting LSB: MD monitoring daemon...
[   13.503193] [[0;32m  OK  [0m] Started Regular background program processing daemon.
         Starting LXD - container startup/shutdown...
cloud-init[961]: |  + . + * = X    |
[   13.511890]          Starting Pollinate to seed the pseudo random number generator...
cloud-init[961]: |   . o @ o * o   |
[   13.517770] cloud-init[961]: |  . E O S + .    |
         Starting Accounts Service...
[[0;32m  OK  [0m[   13.522955] ] cloud-initStarted ACPI event daemon.[961]: 
| . + + B . .     |
[[0;32m  OK  [0m] Started Deferred execution scheduler.
         Starting Virtualbox guest utils...
[   13.532505] cloud-init[961]: |  + . o +        |
[   13.538510] cloud-init[961]: | o   o .         |
         [   13.544745] cloud-init[961]: |      o          |
[   13.544860] cloud-init[961]: +----[SHA256]-----+
Starting Snappy daemon...
[[0;32m  OK  [0m] Started System Logging Service.
[[0;32m  OK  [0m] Started /etc/rc.local Compatibility.
[[0;32m  OK  [0m] Started iSCSI initiator daemon (iscsid).
[[0;32m  OK  [0m] Started Login Service.
[[0;32m  OK  [0m] Started Unattended Upgrades Shutdown.
         Starting Login to default iSCSI targets...
[[0;32m  OK  [0m] Started LSB: Record successful boot for GRUB.
[[0;32m  OK  [0m] Started LSB: MD monitoring daemon.
[[0;32m  OK  [0m] Started Login to default iSCSI targets.
         Starting Authenticate and Authorize Users to Run Privileged Tasks...
[[0;32m  OK  [0m] Reached target Remote File Systems (Pre).
[[0;32m  OK  [0m] Reached target Remote File Systems.
         Starting Permit User Sessions...
         Starting LSB: automatic crash report generation...
         Starting LSB: Set the CPU Frequency Scaling governor to "ondemand"...
         Starting LSB: daemon to balance interrupts for SMP systems...
[[0;32m  OK  [0m] Started Permit User Sessions.
         Starting Hold until boot process finishes up...
         Starting Terminate Plymouth Boot Screen...
[[0;32m  OK  [0m] Started LSB: Set the CPU Frequency Scaling governor to "ondemand".
[[0;32m  OK  [0m] Started Hold until boot process finishes up.
[[0;32m  OK  [0m] Started Serial Getty on ttyS0.
         Starting Set console scheme...
[[0;32m  OK  [0m] Started Getty on tty1.
[[0;32m  OK  [0m] Reached target Login Prompts.
[[0;32m  OK  [0m] Started Terminate Plymouth Boot Screen.
[[0;32m  OK  [0m] Started Set console scheme.
[[0;32m  OK  [0m] Started Authenticate and Authorize Users to Run Privileged Tasks.
[[0;32m  OK  [0m] Started Accounts Service.
[[0;32m  OK  [0m] Started LSB: automatic crash report generation.
[[0;32m  OK  [0m] Started LSB: daemon to balance interrupts for SMP systems.
[[0;32m  OK  [0m] Started LXD - container startup/shutdown.
[[0;32m  OK  [0m] Started Virtualbox guest utils.
[[0;32m  OK  [0m] Started Snappy daemon.
         Starting Wait until snapd is fully seeded...
[[0;32m  OK  [0m] Started Pollinate to seed the pseudo random number generator.
         Starting OpenBSD Secure Shell server...
[[0;32m  OK  [0m] Started OpenBSD Secure Shell server.
[[0;32m  OK  [0m] Created slice User Slice of vagrant.
         Starting User Manager for UID 1000...
[[0;32m  OK  [0m] Started Session 1 of user vagrant.
[[0;32m  OK  [0m] Started User Manager for UID 1000.
[[0;32m  OK  [0m] Started Wait until snapd is fully seeded.
         Starting Apply the settings specified in cloud-config...
[[0;32m  OK  [0m] Reached target Multi-User System.
[[0;32m  OK  [0m] Reached target Graphical Interface.
         Starting Update UTMP about System Runlevel Changes...
[[0;32m  OK  [0m] Started Update UTMP about System Runlevel Changes.
[   18.914092] cloud-init[1380]: Generating locales (this might take a while)...

Ubuntu 16.04.6 LTS ubuntu-xenial ttyS0

ubuntu-xenial login: [   20.668892] cloud-init[1380]:   en_US.UTF-8... done
[   20.669559] cloud-init[1380]: Generation complete.
[   21.294811] cloud-init[1380]: Cloud-init v. 19.4-33-gbb4131a2-0ubuntu1~16.04.1 running 'modules:config' at Mon, 30 Mar 2020 08:38:02 +0000. Up 18.60 seconds.
ci-info: no authorized SSH keys fingerprints found for user ubuntu.
<14>Mar 30 08:38:06 ec2: 
<14>Mar 30 08:38:06 ec2: #############################################################
<14>Mar 30 08:38:06 ec2: -----BEGIN SSH HOST KEY FINGERPRINTS-----
<14>Mar 30 08:38:06 ec2: 1024 SHA256:r57kt8N6qGN6+Iz/p609nmBgC5jsxWypBuDD6FHlhfw root@ubuntu-xenial (DSA)
<14>Mar 30 08:38:06 ec2: 256 SHA256:8KTqnWPO4iFVSFn3QnlpwGUS8hbUDYLgitpFhIrs+1w root@ubuntu-xenial (ECDSA)
<14>Mar 30 08:38:06 ec2: 256 SHA256:hrnhoGZ0BsxNVvOtWPjIeWBlbnlzg51BtswrpanMyhA root@ubuntu-xenial (ED25519)
<14>Mar 30 08:38:06 ec2: 2048 SHA256:VNowy4Uu7me620eNdZPKxR8wLRCpEgP6t/eKY0y5ZCs root@ubuntu-xenial (RSA)
<14>Mar 30 08:38:06 ec2: -----END SSH HOST KEY FINGERPRINTS-----
<14>Mar 30 08:38:06 ec2: #############################################################
-----BEGIN SSH HOST KEY KEYS-----
ecdsa-sha2-nistp256 AAAAE2VjZHNhLXNoYTItbmlzdHAyNTYAAAAIbmlzdHAyNTYAAABBBHXlKt68ro3dh05QzZefUUFzahyxJUBV7Tx2/vkPrSTps9s+RAde/l0fXgQYjt4ZrKUrLCtu13BX3GoMTxcgSxw= root@ubuntu-xenial
ssh-ed25519 AAAAC3NzaC1lZDI1NTE5AAAAIPJhPUcCO8oY0KXizGO5hys8KBxzPcWlE79RNnR+FoDH root@ubuntu-xenial
ssh-rsa AAAAB3NzaC1yc2EAAAADAQABAAABAQDO8uyz63sS3wReuzG454ogzPUYUNcpR0/LzNUzCGV/3f/eAggldxUi9MTeDTZfTVycnTpMEpcvCVpeIbJKET7XbCpjNzRvmll8btMlb4Puj44zmVeOmbAoM29CDVwH4GhX3s/y3txpaLzpkrdDiA9TQ5FxpV8n5nKuZeZIbGSPBowA9jhz8el6WLRQVoNmr2vBRTSVXkO6VonWVny819tyBk7cDZ5EyGCGVChBbigMpztAClHTVsG1NeO07Zzw/sBcYtkQRXoehF9ytKkW+5ZnNpflftwdS+kNH+fTJE4PErr4QakQlX9bNBtftj1Qiiv89azyguBEJElRWfYcR4JB root@ubuntu-xenial
-----END SSH HOST KEY KEYS-----
[   22.389296] cloud-init[1561]: Cloud-init v. 19.4-33-gbb4131a2-0ubuntu1~16.04.1 running 'modules:final' at Mon, 30 Mar 2020 08:38:06 +0000. Up 22.05 seconds.
[   22.410531] cloud-init[1561]: ci-info: no authorized SSH keys fingerprints found for user ubuntu.
[   22.412043] cloud-init[1561]: Cloud-init v. 19.4-33-gbb4131a2-0ubuntu1~16.04.1 finished at Mon, 30 Mar 2020 08:38:06 +0000. Datasource DataSourceNoCloud [seed=/dev/sdb][dsmode=net].  Up 22.35 seconds
